2024-03-31 12:59:46,940 INFO org.springframework.boot.StartupInfoLogger [main] Starting FamilyBankApplication using Java 17.0.7 on MacBook-Air-de-Eliewear.local with PID 80518 (/Users/elie-michelnononouagong/Documents/NDS_Projects/FamilyBank/target/classes started by elie-michelnononouagong in /Users/elie-michelnononouagong/Documents/NDS_Projects/FamilyBank)
2024-03-31 12:59:46,940 INFO org.springframework.boot.StartupInfoLogger [main] Starting FamilyBankApplication using Java 17.0.7 on MacBook-Air-de-Eliewear.local with PID 80518 (/Users/elie-michelnononouagong/Documents/NDS_Projects/FamilyBank/target/classes started by elie-michelnononouagong in /Users/elie-michelnononouagong/Documents/NDS_Projects/FamilyBank)
2024-03-31 12:59:46,946 INFO org.springframework.boot.SpringApplication [main] No active profile set, falling back to 1 default profile: "default"
2024-03-31 12:59:46,946 INFO org.springframework.boot.SpringApplication [main] No active profile set, falling back to 1 default profile: "default"
2024-03-31 12:59:47,536 INFO org.springframework.data.repository.config.RepositoryConfigurationDelegate [main] Bootstrapping Spring Data JPA repositories in DEFAULT mode.
2024-03-31 12:59:47,575 INFO org.springframework.data.repository.config.RepositoryConfigurationDelegate [main] Finished Spring Data repository scanning in 34 ms. Found 3 JPA repository interfaces.
2024-03-31 12:59:47,901 INFO org.springframework.boot.web.embedded.tomcat.TomcatWebServer [main] Tomcat initialized with port(s): 9090 (http)
2024-03-31 12:59:47,904 INFO org.apache.juli.logging.DirectJDKLog [main] Initializing ProtocolHandler ["http-nio-9090"]
2024-03-31 12:59:47,905 INFO org.apache.juli.logging.DirectJDKLog [main] Starting service [Tomcat]
2024-03-31 12:59:47,905 INFO org.apache.juli.logging.DirectJDKLog [main] Starting Servlet engine: [Apache Tomcat/9.0.78]
2024-03-31 12:59:47,968 INFO org.apache.juli.logging.DirectJDKLog [main] Initializing Spring embedded WebApplicationContext
2024-03-31 12:59:47,968 INFO org.springframework.boot.web.servlet.context.ServletWebServerApplicationContext [main] Root WebApplicationContext: initialization completed in 980 ms
2024-03-31 12:59:48,115 INFO org.hibernate.jpa.internal.util.LogHelper [main] HHH000204: Processing PersistenceUnitInfo [name: default]
2024-03-31 12:59:48,146 INFO org.hibernate.Version [main] HHH000412: Hibernate ORM core version 5.6.15.Final
2024-03-31 12:59:48,223 INFO org.hibernate.annotations.common.reflection.java.JavaReflectionManager [main] HCANN000001: Hibernate Commons Annotations {5.1.2.Final}
2024-03-31 12:59:48,264 INFO com.zaxxer.hikari.HikariDataSource [main] HikariPool-1 - Starting...
2024-03-31 12:59:48,349 INFO com.zaxxer.hikari.HikariDataSource [main] HikariPool-1 - Start completed.
2024-03-31 12:59:48,357 INFO org.hibernate.dialect.Dialect [main] HHH000400: Using dialect: org.hibernate.dialect.MySQL8Dialect
2024-03-31 12:59:48,713 INFO org.hibernate.engine.transaction.jta.platform.internal.JtaPlatformInitiator [main] HHH000490: Using JtaPlatform implementation: [org.hibernate.engine.transaction.jta.platform.internal.NoJtaPlatform]
2024-03-31 12:59:48,718 INFO org.springframework.orm.jpa.AbstractEntityManagerFactoryBean [main] Initialized JPA EntityManagerFactory for persistence unit 'default'
2024-03-31 12:59:49,309 INFO org.springframework.security.web.DefaultSecurityFilterChain [main] Will secure any request with [org.springframework.security.web.session.DisableEncodeUrlFilter@4509414e, org.springframework.security.web.context.request.async.WebAsyncManagerIntegrationFilter@36e9794c, org.springframework.security.web.context.SecurityContextPersistenceFilter@1d77d9c6, org.springframework.security.web.header.HeaderWriterFilter@75693526, org.springframework.security.web.csrf.CsrfFilter@735b1ad2, org.springframework.security.web.authentication.logout.LogoutFilter@41ae9f11, org.springframework.security.oauth2.client.web.OAuth2AuthorizationRequestRedirectFilter@13da6bc9, org.springframework.security.oauth2.client.web.OAuth2LoginAuthenticationFilter@e8fb390, org.springframework.security.web.authentication.ui.DefaultLoginPageGeneratingFilter@768f2398, org.springframework.security.web.authentication.ui.DefaultLogoutPageGeneratingFilter@78a0d664, org.springframework.security.web.savedrequest.RequestCacheAwareFilter@51eeae0a, org.springframework.security.web.servletapi.SecurityContextHolderAwareRequestFilter@76c2d002, org.springframework.security.web.authentication.AnonymousAuthenticationFilter@1237aa73, org.springframework.security.web.session.SessionManagementFilter@603a34e5, org.springframework.security.web.access.ExceptionTranslationFilter@30dd23e2, org.springframework.security.web.access.intercept.FilterSecurityInterceptor@c22cf4d]
2024-03-31 12:59:49,352 WARN org.springframework.boot.autoconfigure.orm.jpa.JpaBaseConfiguration$JpaWebConfiguration [main] spring.jpa.open-in-view is enabled by default. Therefore, database queries may be performed during view rendering. Explicitly configure spring.jpa.open-in-view to disable this warning
2024-03-31 12:59:49,657 INFO org.springframework.boot.actuate.endpoint.web.EndpointLinksResolver [main] Exposing 1 endpoint(s) beneath base path '/actuator'
2024-03-31 12:59:49,688 INFO org.apache.juli.logging.DirectJDKLog [main] Starting ProtocolHandler ["http-nio-9090"]
2024-03-31 12:59:49,700 INFO org.springframework.boot.web.embedded.tomcat.TomcatWebServer [main] Tomcat started on port(s): 9090 (http) with context path '/nesous'
2024-03-31 12:59:49,712 INFO org.springframework.boot.StartupInfoLogger [main] Started FamilyBankApplication in 3.098 seconds (JVM running for 3.477)
2024-03-31 12:59:49,712 INFO org.springframework.boot.StartupInfoLogger [main] Started FamilyBankApplication in 3.098 seconds (JVM running for 3.477)
2024-03-31 12:59:50,075 INFO org.apache.juli.logging.DirectJDKLog [RMI TCP Connection(1)-127.0.0.1] Initializing Spring DispatcherServlet 'dispatcherServlet'
2024-03-31 12:59:50,075 INFO org.springframework.web.servlet.FrameworkServlet [RMI TCP Connection(1)-127.0.0.1] Initializing Servlet 'dispatcherServlet'
2024-03-31 12:59:50,076 INFO org.springframework.web.servlet.FrameworkServlet [RMI TCP Connection(1)-127.0.0.1] Completed initialization in 1 ms
