2024-11-20 16:49:06,023 INFO org.springframework.boot.StartupInfoLogger [main] Starting FamilyBankApplication using Java 17.0.7 on Air-de-Eliewear with PID 26900 (/Users/elie-michelnononouagong/Documents/NDS_Projects/FamilyBank/target/classes started by elie-michelnononouagong in /Users/elie-michelnononouagong/Documents/NDS_Projects/FamilyBank)
2024-11-20 16:49:06,023 INFO org.springframework.boot.StartupInfoLogger [main] Starting FamilyBankApplication using Java 17.0.7 on Air-de-Eliewear with PID 26900 (/Users/elie-michelnononouagong/Documents/NDS_Projects/FamilyBank/target/classes started by elie-michelnononouagong in /Users/elie-michelnononouagong/Documents/NDS_Projects/FamilyBank)
2024-11-20 16:49:06,032 INFO org.springframework.boot.SpringApplication [main] No active profile set, falling back to 1 default profile: "default"
2024-11-20 16:49:06,032 INFO org.springframework.boot.SpringApplication [main] No active profile set, falling back to 1 default profile: "default"
2024-11-20 16:49:06,822 INFO org.springframework.data.repository.config.RepositoryConfigurationDelegate [main] Bootstrapping Spring Data JPA repositories in DEFAULT mode.
2024-11-20 16:49:06,869 INFO org.springframework.data.repository.config.RepositoryConfigurationDelegate [main] Finished Spring Data repository scanning in 42 ms. Found 3 JPA repository interfaces.
2024-11-20 16:49:07,329 INFO org.hibernate.jpa.internal.util.LogHelper [main] HHH000204: Processing PersistenceUnitInfo [name: default]
2024-11-20 16:49:07,366 INFO org.hibernate.Version [main] HHH000412: Hibernate ORM core version 5.6.15.Final
2024-11-20 16:49:07,483 INFO org.hibernate.annotations.common.reflection.java.JavaReflectionManager [main] HCANN000001: Hibernate Commons Annotations {5.1.2.Final}
2024-11-20 16:49:07,566 INFO com.zaxxer.hikari.HikariDataSource [main] HikariPool-1 - Starting...
2024-11-20 16:49:07,709 INFO com.zaxxer.hikari.HikariDataSource [main] HikariPool-1 - Start completed.
2024-11-20 16:49:07,724 INFO org.hibernate.dialect.Dialect [main] HHH000400: Using dialect: org.hibernate.dialect.MySQL8Dialect
2024-11-20 16:49:08,264 INFO org.hibernate.engine.transaction.jta.platform.internal.JtaPlatformInitiator [main] HHH000490: Using JtaPlatform implementation: [org.hibernate.engine.transaction.jta.platform.internal.NoJtaPlatform]
2024-11-20 16:49:08,271 INFO org.springframework.orm.jpa.AbstractEntityManagerFactoryBean [main] Initialized JPA EntityManagerFactory for persistence unit 'default'
2024-11-20 16:49:10,086 INFO org.springframework.boot.web.embedded.tomcat.TomcatWebServer [main] Tomcat initialized with port(s): 9090 (http)
2024-11-20 16:49:10,093 INFO org.apache.juli.logging.DirectJDKLog [main] Initializing ProtocolHandler ["http-nio-9090"]
2024-11-20 16:49:10,094 INFO org.apache.juli.logging.DirectJDKLog [main] Starting service [Tomcat]
2024-11-20 16:49:10,094 INFO org.apache.juli.logging.DirectJDKLog [main] Starting Servlet engine: [Apache Tomcat/9.0.78]
2024-11-20 16:49:10,177 INFO org.apache.juli.logging.DirectJDKLog [main] Initializing Spring embedded WebApplicationContext
2024-11-20 16:49:10,178 INFO org.springframework.boot.web.servlet.context.ServletWebServerApplicationContext [main] Root WebApplicationContext: initialization completed in 4111 ms
2024-11-20 16:49:10,599 INFO org.springframework.security.web.DefaultSecurityFilterChain [main] Will secure any request with [org.springframework.security.web.session.DisableEncodeUrlFilter@3d96b8fb, org.springframework.security.web.context.request.async.WebAsyncManagerIntegrationFilter@1d208795, org.springframework.security.web.context.SecurityContextPersistenceFilter@2e2546bf, org.springframework.security.web.header.HeaderWriterFilter@785477e5, org.springframework.security.web.csrf.CsrfFilter@62536882, org.springframework.security.web.authentication.logout.LogoutFilter@288e50c1, org.springframework.security.oauth2.client.web.OAuth2AuthorizationRequestRedirectFilter@54a5eff, org.springframework.security.oauth2.client.web.OAuth2LoginAuthenticationFilter@29612ee2, org.springframework.security.web.authentication.ui.DefaultLoginPageGeneratingFilter@68024e57, org.springframework.security.web.authentication.ui.DefaultLogoutPageGeneratingFilter@2f006edf, org.springframework.security.web.savedrequest.RequestCacheAwareFilter@6908674b, org.springframework.security.web.servletapi.SecurityContextHolderAwareRequestFilter@a3e458, org.springframework.security.web.authentication.AnonymousAuthenticationFilter@20843604, org.springframework.security.web.session.SessionManagementFilter@41962299, org.springframework.security.web.access.ExceptionTranslationFilter@363ee411, org.springframework.security.web.access.intercept.FilterSecurityInterceptor@379df603]
2024-11-20 16:49:10,671 WARN org.springframework.boot.autoconfigure.orm.jpa.JpaBaseConfiguration$JpaWebConfiguration [main] spring.jpa.open-in-view is enabled by default. Therefore, database queries may be performed during view rendering. Explicitly configure spring.jpa.open-in-view to disable this warning
2024-11-20 16:49:11,157 INFO org.springframework.boot.actuate.endpoint.web.EndpointLinksResolver [main] Exposing 1 endpoint(s) beneath base path '/actuator'
2024-11-20 16:49:11,206 INFO org.apache.juli.logging.DirectJDKLog [main] Starting ProtocolHandler ["http-nio-9090"]
2024-11-20 16:49:11,225 INFO org.springframework.boot.web.embedded.tomcat.TomcatWebServer [main] Tomcat started on port(s): 9090 (http) with context path '/nesous'
2024-11-20 16:49:11,242 INFO org.springframework.boot.StartupInfoLogger [main] Started FamilyBankApplication in 5.498 seconds (JVM running for 9.643)
2024-11-20 16:49:11,242 INFO org.springframework.boot.StartupInfoLogger [main] Started FamilyBankApplication in 5.498 seconds (JVM running for 9.643)
2024-11-20 16:56:54,949 INFO org.springframework.orm.jpa.AbstractEntityManagerFactoryBean [SpringApplicationShutdownHook] Closing JPA EntityManagerFactory for persistence unit 'default'
2024-11-20 16:56:54,958 INFO com.zaxxer.hikari.HikariDataSource [SpringApplicationShutdownHook] HikariPool-1 - Shutdown initiated...
2024-11-20 16:56:54,989 INFO com.zaxxer.hikari.HikariDataSource [SpringApplicationShutdownHook] HikariPool-1 - Shutdown completed.
