2024-03-28 01:01:04,626 WARN com.zaxxer.hikari.pool.HikariPool$HouseKeeper [HikariPool-1 housekeeper] HikariPool-1 - Thread starvation or clock leap detected (housekeeper delta=1h8m51s596ms).
2024-03-28 01:42:42,296 WARN com.zaxxer.hikari.pool.HikariPool$HouseKeeper [HikariPool-1 housekeeper] HikariPool-1 - Thread starvation or clock leap detected (housekeeper delta=41m37s670ms).
2024-03-28 02:49:31,503 WARN com.zaxxer.hikari.pool.HikariPool$HouseKeeper [HikariPool-1 housekeeper] HikariPool-1 - Thread starvation or clock leap detected (housekeeper delta=1h6m49s206ms).
2024-03-28 03:52:41,252 WARN com.zaxxer.hikari.pool.HikariPool$HouseKeeper [HikariPool-1 housekeeper] HikariPool-1 - Thread starvation or clock leap detected (housekeeper delta=1h3m9s749ms).
2024-03-28 04:58:34,644 WARN com.zaxxer.hikari.pool.HikariPool$HouseKeeper [HikariPool-1 housekeeper] HikariPool-1 - Thread starvation or clock leap detected (housekeeper delta=1h5m53s393ms).
2024-03-28 06:03:27,379 WARN com.zaxxer.hikari.pool.HikariPool$HouseKeeper [HikariPool-1 housekeeper] HikariPool-1 - Thread starvation or clock leap detected (housekeeper delta=1h4m52s734ms).
2024-03-28 06:27:15,008 WARN com.zaxxer.hikari.pool.HikariPool$HouseKeeper [HikariPool-1 housekeeper] HikariPool-1 - Thread starvation or clock leap detected (housekeeper delta=23m47s625ms).
2024-03-28 07:39:59,408 WARN com.zaxxer.hikari.pool.HikariPool$HouseKeeper [HikariPool-1 housekeeper] HikariPool-1 - Thread starvation or clock leap detected (housekeeper delta=17m43s953ms).
2024-03-28 08:46:19,906 WARN com.zaxxer.hikari.pool.HikariPool$HouseKeeper [HikariPool-1 housekeeper] HikariPool-1 - Thread starvation or clock leap detected (housekeeper delta=1h6m20s503ms).
2024-03-28 09:34:41,584 WARN com.zaxxer.hikari.pool.HikariPool$HouseKeeper [HikariPool-1 housekeeper] HikariPool-1 - Thread starvation or clock leap detected (housekeeper delta=48m21s682ms).
2024-03-28 09:39:33,783 WARN com.zaxxer.hikari.pool.HikariPool$HouseKeeper [HikariPool-1 housekeeper] HikariPool-1 - Thread starvation or clock leap detected (housekeeper delta=4m52s197ms).
2024-03-28 09:42:54,167 WARN com.zaxxer.hikari.pool.HikariPool$HouseKeeper [HikariPool-1 housekeeper] HikariPool-1 - Thread starvation or clock leap detected (housekeeper delta=1m20s346ms).
2024-03-28 13:57:33,899 INFO org.springframework.boot.StartupInfoLogger [main] Starting FamilyBankApplicationTests using Java 20.0.2 on MacBook-Air-de-Eliewear.local with PID 28103 (started by elie-michelnononouagong in /Users/elie-michelnononouagong/Documents/NDS_Projects/FamilyBank)
2024-03-28 13:57:33,899 INFO org.springframework.boot.StartupInfoLogger [main] Starting FamilyBankApplicationTests using Java 20.0.2 on MacBook-Air-de-Eliewear.local with PID 28103 (started by elie-michelnononouagong in /Users/elie-michelnononouagong/Documents/NDS_Projects/FamilyBank)
2024-03-28 13:57:33,902 INFO org.springframework.boot.SpringApplication [main] No active profile set, falling back to 1 default profile: "default"
2024-03-28 13:57:33,902 INFO org.springframework.boot.SpringApplication [main] No active profile set, falling back to 1 default profile: "default"
2024-03-28 13:57:35,595 INFO org.springframework.data.repository.config.RepositoryConfigurationDelegate [main] Bootstrapping Spring Data JPA repositories in DEFAULT mode.
2024-03-28 13:57:35,797 INFO org.springframework.data.repository.config.RepositoryConfigurationDelegate [main] Finished Spring Data repository scanning in 188 ms. Found 3 JPA repository interfaces.
2024-03-28 13:57:36,853 INFO org.hibernate.jpa.internal.util.LogHelper [main] HHH000204: Processing PersistenceUnitInfo [name: default]
2024-03-28 13:57:36,900 INFO org.hibernate.Version [main] HHH000412: Hibernate ORM core version 5.6.15.Final
2024-03-28 13:57:37,029 INFO org.hibernate.annotations.common.reflection.java.JavaReflectionManager [main] HCANN000001: Hibernate Commons Annotations {5.1.2.Final}
2024-03-28 13:57:37,110 INFO com.zaxxer.hikari.HikariDataSource [main] HikariPool-1 - Starting...
2024-03-28 13:57:37,298 INFO com.zaxxer.hikari.HikariDataSource [main] HikariPool-1 - Start completed.
2024-03-28 13:57:37,315 INFO org.hibernate.dialect.Dialect [main] HHH000400: Using dialect: org.hibernate.dialect.MySQL8Dialect
2024-03-28 13:57:38,920 INFO org.hibernate.engine.transaction.jta.platform.internal.JtaPlatformInitiator [main] HHH000490: Using JtaPlatform implementation: [org.hibernate.engine.transaction.jta.platform.internal.NoJtaPlatform]
2024-03-28 13:57:38,937 INFO org.springframework.orm.jpa.AbstractEntityManagerFactoryBean [main] Initialized JPA EntityManagerFactory for persistence unit 'default'
2024-03-28 13:57:41,764 INFO org.springframework.security.web.DefaultSecurityFilterChain [main] Will secure any request with [org.springframework.security.web.session.DisableEncodeUrlFilter@71c9c7f3, org.springframework.security.web.context.request.async.WebAsyncManagerIntegrationFilter@6979e9b8, org.springframework.security.web.context.SecurityContextPersistenceFilter@14738629, org.springframework.security.web.header.HeaderWriterFilter@647bd553, org.springframework.security.web.csrf.CsrfFilter@361065d1, org.springframework.security.web.authentication.logout.LogoutFilter@cede70a, org.springframework.security.oauth2.client.web.OAuth2AuthorizationRequestRedirectFilter@6deb2b19, org.springframework.security.oauth2.client.web.OAuth2LoginAuthenticationFilter@51b1732d, org.springframework.security.web.authentication.ui.DefaultLoginPageGeneratingFilter@33544cc5, org.springframework.security.web.authentication.ui.DefaultLogoutPageGeneratingFilter@771deee6, org.springframework.security.web.savedrequest.RequestCacheAwareFilter@280d20fb, org.springframework.security.web.servletapi.SecurityContextHolderAwareRequestFilter@20c7a91d, org.springframework.security.web.authentication.AnonymousAuthenticationFilter@345effd7, org.springframework.security.web.session.SessionManagementFilter@15d18b61, org.springframework.security.web.access.ExceptionTranslationFilter@25bd8eab, org.springframework.security.web.access.intercept.FilterSecurityInterceptor@bd8f424]
2024-03-28 13:57:42,185 WARN org.springframework.boot.autoconfigure.orm.jpa.JpaBaseConfiguration$JpaWebConfiguration [main] spring.jpa.open-in-view is enabled by default. Therefore, database queries may be performed during view rendering. Explicitly configure spring.jpa.open-in-view to disable this warning
2024-03-28 13:57:43,819 INFO org.springframework.boot.actuate.endpoint.web.EndpointLinksResolver [main] Exposing 1 endpoint(s) beneath base path '/actuator'
2024-03-28 13:57:43,973 INFO org.springframework.boot.StartupInfoLogger [main] Started FamilyBankApplicationTests in 10.621 seconds (JVM running for 25.382)
2024-03-28 13:57:43,973 INFO org.springframework.boot.StartupInfoLogger [main] Started FamilyBankApplicationTests in 10.621 seconds (JVM running for 25.382)
2024-03-28 13:57:44,738 INFO org.springframework.orm.jpa.AbstractEntityManagerFactoryBean [SpringApplicationShutdownHook] Closing JPA EntityManagerFactory for persistence unit 'default'
2024-03-28 13:57:44,744 INFO com.zaxxer.hikari.HikariDataSource [SpringApplicationShutdownHook] HikariPool-1 - Shutdown initiated...
2024-03-28 13:57:44,762 INFO com.zaxxer.hikari.HikariDataSource [SpringApplicationShutdownHook] HikariPool-1 - Shutdown completed.
2024-03-28 14:10:26,045 INFO org.springframework.boot.StartupInfoLogger [main] Starting FamilyBankApplicationTests using Java 20.0.2 on MacBook-Air-de-Eliewear.local with PID 28444 (started by elie-michelnononouagong in /Users/elie-michelnononouagong/Documents/NDS_Projects/FamilyBank)
2024-03-28 14:10:26,045 INFO org.springframework.boot.StartupInfoLogger [main] Starting FamilyBankApplicationTests using Java 20.0.2 on MacBook-Air-de-Eliewear.local with PID 28444 (started by elie-michelnononouagong in /Users/elie-michelnononouagong/Documents/NDS_Projects/FamilyBank)
2024-03-28 14:10:26,049 INFO org.springframework.boot.SpringApplication [main] No active profile set, falling back to 1 default profile: "default"
2024-03-28 14:10:26,049 INFO org.springframework.boot.SpringApplication [main] No active profile set, falling back to 1 default profile: "default"
2024-03-28 14:10:27,787 INFO org.springframework.data.repository.config.RepositoryConfigurationDelegate [main] Bootstrapping Spring Data JPA repositories in DEFAULT mode.
2024-03-28 14:10:27,981 INFO org.springframework.data.repository.config.RepositoryConfigurationDelegate [main] Finished Spring Data repository scanning in 126 ms. Found 3 JPA repository interfaces.
2024-03-28 14:10:29,046 INFO org.hibernate.jpa.internal.util.LogHelper [main] HHH000204: Processing PersistenceUnitInfo [name: default]
2024-03-28 14:10:29,094 INFO org.hibernate.Version [main] HHH000412: Hibernate ORM core version 5.6.15.Final
2024-03-28 14:10:29,218 INFO org.hibernate.annotations.common.reflection.java.JavaReflectionManager [main] HCANN000001: Hibernate Commons Annotations {5.1.2.Final}
2024-03-28 14:10:29,291 INFO com.zaxxer.hikari.HikariDataSource [main] HikariPool-1 - Starting...
2024-03-28 14:10:29,486 INFO com.zaxxer.hikari.HikariDataSource [main] HikariPool-1 - Start completed.
2024-03-28 14:10:29,500 INFO org.hibernate.dialect.Dialect [main] HHH000400: Using dialect: org.hibernate.dialect.MySQL8Dialect
2024-03-28 14:10:30,477 INFO org.hibernate.engine.transaction.jta.platform.internal.JtaPlatformInitiator [main] HHH000490: Using JtaPlatform implementation: [org.hibernate.engine.transaction.jta.platform.internal.NoJtaPlatform]
2024-03-28 14:10:30,488 INFO org.springframework.orm.jpa.AbstractEntityManagerFactoryBean [main] Initialized JPA EntityManagerFactory for persistence unit 'default'
2024-03-28 14:10:32,835 INFO org.springframework.security.web.DefaultSecurityFilterChain [main] Will secure any request with [org.springframework.security.web.session.DisableEncodeUrlFilter@5ce59833, org.springframework.security.web.context.request.async.WebAsyncManagerIntegrationFilter@1ccdc8c8, org.springframework.security.web.context.SecurityContextPersistenceFilter@4832813d, org.springframework.security.web.header.HeaderWriterFilter@3503e68e, org.springframework.security.web.csrf.CsrfFilter@786d8b3b, org.springframework.security.web.authentication.logout.LogoutFilter@753b6846, org.springframework.security.oauth2.client.web.OAuth2AuthorizationRequestRedirectFilter@1bff4cb9, org.springframework.security.oauth2.client.web.OAuth2LoginAuthenticationFilter@36b4cbb8, org.springframework.security.web.authentication.ui.DefaultLoginPageGeneratingFilter@4acae4c7, org.springframework.security.web.authentication.ui.DefaultLogoutPageGeneratingFilter@30dbcffd, org.springframework.security.web.savedrequest.RequestCacheAwareFilter@5ccc07ae, org.springframework.security.web.servletapi.SecurityContextHolderAwareRequestFilter@ab5e63, org.springframework.security.web.authentication.AnonymousAuthenticationFilter@60ddad4, org.springframework.security.web.session.SessionManagementFilter@7280785f, org.springframework.security.web.access.ExceptionTranslationFilter@25e9f5e6, org.springframework.security.web.access.intercept.FilterSecurityInterceptor@18dda2e1]
2024-03-28 14:10:33,291 WARN org.springframework.boot.autoconfigure.orm.jpa.JpaBaseConfiguration$JpaWebConfiguration [main] spring.jpa.open-in-view is enabled by default. Therefore, database queries may be performed during view rendering. Explicitly configure spring.jpa.open-in-view to disable this warning
2024-03-28 14:10:35,016 INFO org.springframework.boot.actuate.endpoint.web.EndpointLinksResolver [main] Exposing 1 endpoint(s) beneath base path '/actuator'
2024-03-28 14:10:35,165 INFO org.springframework.boot.StartupInfoLogger [main] Started FamilyBankApplicationTests in 9.552 seconds (JVM running for 24.414)
2024-03-28 14:10:35,165 INFO org.springframework.boot.StartupInfoLogger [main] Started FamilyBankApplicationTests in 9.552 seconds (JVM running for 24.414)
2024-03-28 14:10:35,711 INFO org.springframework.orm.jpa.AbstractEntityManagerFactoryBean [SpringApplicationShutdownHook] Closing JPA EntityManagerFactory for persistence unit 'default'
2024-03-28 14:10:35,722 INFO com.zaxxer.hikari.HikariDataSource [SpringApplicationShutdownHook] HikariPool-1 - Shutdown initiated...
2024-03-28 14:10:35,743 INFO com.zaxxer.hikari.HikariDataSource [SpringApplicationShutdownHook] HikariPool-1 - Shutdown completed.
